f:\csci 101\bouncy-shapes-initial-master\bouncyshapes\x64\debug\vc141.pdb
f:\csci 101\bouncy-shapes-initial-master\bouncyshapes\x64\debug\vc141.idb
f:\csci 101\bouncy-shapes-initial-master\bouncyshapes\x64\debug\engine.obj
f:\csci 101\bouncy-shapes-initial-master\bouncyshapes\x64\debug\gameobject.obj
f:\csci 101\bouncy-shapes-initial-master\bouncyshapes\x64\debug\main.obj
f:\csci 101\bouncy-shapes-initial-master\bouncyshapes\x64\debug\brushdeviceresource.obj
f:\csci 101\bouncy-shapes-initial-master\bouncyshapes\x64\debug\circlerenderer.obj
f:\csci 101\bouncy-shapes-initial-master\bouncyshapes\x64\debug\scene.obj
f:\csci 101\bouncy-shapes-initial-master\bouncyshapes\x64\debug\squarerenderer.obj
f:\csci 101\bouncy-shapes-initial-master\x64\debug\bouncyshapes.pdb
f:\csci 101\bouncy-shapes-initial-master\bouncyshapes\x64\debug\bouncyshapes.tlog\cl.command.1.tlog
f:\csci 101\bouncy-shapes-initial-master\bouncyshapes\x64\debug\bouncyshapes.tlog\cl.read.1.tlog
f:\csci 101\bouncy-shapes-initial-master\bouncyshapes\x64\debug\bouncyshapes.tlog\cl.write.1.tlog
f:\csci 101\bouncy-shapes-initial-master\bouncyshapes\x64\debug\bouncyshapes.tlog\link-cvtres.read.1.tlog
f:\csci 101\bouncy-shapes-initial-master\bouncyshapes\x64\debug\bouncyshapes.tlog\link-cvtres.write.1.tlog
f:\csci 101\bouncy-shapes-initial-master\bouncyshapes\x64\debug\bouncyshapes.tlog\link-rc.read.1.tlog
f:\csci 101\bouncy-shapes-initial-master\bouncyshapes\x64\debug\bouncyshapes.tlog\link-rc.write.1.tlog
f:\csci 101\bouncy-shapes-initial-master\bouncyshapes\x64\debug\bouncyshapes.tlog\link.command.1.tlog
f:\csci 101\bouncy-shapes-initial-master\bouncyshapes\x64\debug\bouncyshapes.tlog\link.read.1.tlog
f:\csci 101\bouncy-shapes-initial-master\bouncyshapes\x64\debug\bouncyshapes.tlog\link.write.1.tlog
